Determining if the pthread_create exist failed with the following output:
Change Dir: /home/zommi/Desktop/robotics-project-2019/build/CMakeFiles/CMakeTmp

Run Build Command:"/usr/bin/make" "cmTC_206c3/fast"
/usr/bin/make -f CMakeFiles/cmTC_206c3.dir/build.make CMakeFiles/cmTC_206c3.dir/build
make[1]: Entering directory '/home/zommi/Desktop/robotics-project-2019/build/CMakeFiles/CMakeTmp'
Building C object CMakeFiles/cmTC_206c3.dir/CheckSymbolExists.c.o
/usr/bin/cc    -o CMakeFiles/cmTC_206c3.dir/CheckSymbolExists.c.o   -c /home/zommi/Desktop/robotics-project-2019/build/CMakeFiles/CMakeTmp/CheckSymbolExists.c
Linking C executable cmTC_206c3
/usr/bin/cmake -E cmake_link_script CMakeFiles/cmTC_206c3.dir/link.txt --verbose=1
/usr/bin/cc      -rdynamic CMakeFiles/cmTC_206c3.dir/CheckSymbolExists.c.o  -o cmTC_206c3 
CMakeFiles/cmTC_206c3.dir/CheckSymbolExists.c.o: In function `main':
CheckSymbolExists.c:(.text+0x1b): undefined reference to `pthread_create'
collect2: error: ld returned 1 exit status
CMakeFiles/cmTC_206c3.dir/build.make:97: recipe for target 'cmTC_206c3' failed
make[1]: *** [cmTC_206c3] Error 1
make[1]: Leaving directory '/home/zommi/Desktop/robotics-project-2019/build/CMakeFiles/CMakeTmp'
Makefile:126: recipe for target 'cmTC_206c3/fast' failed
make: *** [cmTC_206c3/fast] Error 2

File /home/zommi/Desktop/robotics-project-2019/build/CMakeFiles/CMakeTmp/CheckSymbolExists.c:
/* */
#include <pthread.h>

int main(int argc, char** argv)
{
  (void)argv;
#ifndef pthread_create
  return ((int*)(&pthread_create))[argc];
#else
  (void)argc;
  return 0;
#endif
}

Determining if the function pthread_create exists in the pthreads failed with the following output:
Change Dir: /home/zommi/Desktop/robotics-project-2019/build/CMakeFiles/CMakeTmp

Run Build Command:"/usr/bin/make" "cmTC_80377/fast"
/usr/bin/make -f CMakeFiles/cmTC_80377.dir/build.make CMakeFiles/cmTC_80377.dir/build
make[1]: Entering directory '/home/zommi/Desktop/robotics-project-2019/build/CMakeFiles/CMakeTmp'
Building C object CMakeFiles/cmTC_80377.dir/CheckFunctionExists.c.o
/usr/bin/cc   -DCHECK_FUNCTION_EXISTS=pthread_create   -o CMakeFiles/cmTC_80377.dir/CheckFunctionExists.c.o   -c /usr/share/cmake-3.10/Modules/CheckFunctionExists.c
Linking C executable cmTC_80377
/usr/bin/cmake -E cmake_link_script CMakeFiles/cmTC_80377.dir/link.txt --verbose=1
/usr/bin/cc  -DCHECK_FUNCTION_EXISTS=pthread_create    -rdynamic CMakeFiles/cmTC_80377.dir/CheckFunctionExists.c.o  -o cmTC_80377 -lpthreads 
/usr/bin/ld: cannot find -lpthreads
collect2: error: ld returned 1 exit status
CMakeFiles/cmTC_80377.dir/build.make:97: recipe for target 'cmTC_80377' failed
make[1]: *** [cmTC_80377] Error 1
make[1]: Leaving directory '/home/zommi/Desktop/robotics-project-2019/build/CMakeFiles/CMakeTmp'
Makefile:126: recipe for target 'cmTC_80377/fast' failed
make: *** [cmTC_80377/fast] Error 2


